# JRE version: Java(TM) SE Runtime Environment (17.0.8+9) (build 17.0.8+9-LTS-211)
# Java VM: Java HotSpot(TM) 64-Bit Server VM (17.0.8+9-LTS-211, mixed mode, emulated-client, sharing, tiered, compressed oops, compressed class ptrs, g1 gc, windows-amd64)
GC Precious Log:
 CPUs: 6 total, 6 available
 Memory: 16323M
 Large Page Support: Disabled
 NUMA Support: Disabled
 Compressed Oops: Enabled (Zero based)
 Heap Region Size: 2M
 Heap Min Capacity: 8M
 Heap Initial Capacity: 256M
 Heap Max Capacity: 4082M
 Pre-touch: Disabled
 Parallel Workers: 6
 Concurrent Workers: 2
 Concurrent Refinement Workers: 6
 Periodic GC: Disabled
Heap:
 garbage-first heap   total 120832K, used 59808K [0x0000000700e00000, 0x0000000800000000)
  region size 2048K, 1 young (2048K), 1 survivors (2048K)
 Metaspace       used 70448K, committed 71040K, reserved 1114112K
  class space    used 10223K, committed 10496K, reserved 1048576K
GC Heap History (20 events):
Event: 5.016 GC heap after
{Heap after GC invocations=14 (full 0):
 garbage-first heap   total 81920K, used 26231K [0x0000000700e00000, 0x0000000800000000)
  region size 2048K, 1 young (2048K), 1 survivors (2048K)
 Metaspace       used 57786K, committed 58304K, reserved 1114112K
  class space    used 8193K, committed 8448K, reserved 1048576K
}
Event: 5.150 GC heap before
{Heap before GC invocations=14 (full 0):
 garbage-first heap   total 81920K, used 40567K [0x0000000700e00000, 0x0000000800000000)
  region size 2048K, 9 young (18432K), 1 survivors (2048K)
 Metaspace       used 59684K, committed 60288K, reserved 1114112K
  class space    used 8466K, committed 8768K, reserved 1048576K
}
Event: 5.152 GC heap after
{Heap after GC invocations=15 (full 0):
 garbage-first heap   total 81920K, used 27006K [0x0000000700e00000, 0x0000000800000000)
  region size 2048K, 2 young (4096K), 2 survivors (4096K)
 Metaspace       used 59684K, committed 60288K, reserved 1114112K
  class space    used 8466K, committed 8768K, reserved 1048576K
}
Event: 5.536 GC heap before
{Heap before GC invocations=16 (full 0):
 garbage-first heap   total 81920K, used 63870K [0x0000000700e00000, 0x0000000800000000)
  region size 2048K, 20 young (40960K), 2 survivors (4096K)
 Metaspace       used 65507K, committed 66048K, reserved 1114112K
  class space    used 9542K, committed 9792K, reserved 1048576K
}
Event: 5.540 GC heap after
{Heap after GC invocations=17 (full 0):
 garbage-first heap   total 81920K, used 29735K [0x0000000700e00000, 0x0000000800000000)
  region size 2048K, 3 young (6144K), 3 survivors (6144K)
 Metaspace       used 65507K, committed 66048K, reserved 1114112K
  class space    used 9542K, committed 9792K, reserved 1048576K
}
Event: 5.803 GC heap before
{Heap before GC invocations=17 (full 0):
 garbage-first heap   total 81920K, used 64551K [0x0000000700e00000, 0x0000000800000000)
  region size 2048K, 20 young (40960K), 3 survivors (6144K)
 Metaspace       used 67309K, committed 67904K, reserved 1114112K
  class space    used 9801K, committed 10048K, reserved 1048576K
}
Event: 5.806 GC heap after
{Heap after GC invocations=18 (full 0):
 garbage-first heap   total 81920K, used 31782K [0x0000000700e00000, 0x0000000800000000)
  region size 2048K, 3 young (6144K), 3 survivors (6144K)
 Metaspace       used 67309K, committed 67904K, reserved 1114112K
  class space    used 9801K, committed 10048K, reserved 1048576K
}
Event: 5.935 GC heap before
{Heap before GC invocations=18 (full 0):
 garbage-first heap   total 81920K, used 62502K [0x0000000700e00000, 0x0000000800000000)
  region size 2048K, 18 young (36864K), 3 survivors (6144K)
 Metaspace       used 68067K, committed 68672K, reserved 1114112K
  class space    used 9907K, committed 10176K, reserved 1048576K
}
Event: 5.938 GC heap after
{Heap after GC invocations=19 (full 0):
 garbage-first heap   total 81920K, used 32752K [0x0000000700e00000, 0x0000000800000000)
  region size 2048K, 2 young (4096K), 2 survivors (4096K)
 Metaspace       used 68067K, committed 68672K, reserved 1114112K
  class space    used 9907K, committed 10176K, reserved 1048576K
}
Event: 6.167 GC heap before
{Heap before GC invocations=19 (full 0):
 garbage-first heap   total 81920K, used 65520K [0x0000000700e00000, 0x0000000800000000)
  region size 2048K, 18 young (36864K), 2 survivors (4096K)
 Metaspace       used 70372K, committed 70976K, reserved 1114112K
  class space    used 10213K, committed 10496K, reserved 1048576K
}
Event: 6.170 GC heap after
{Heap after GC invocations=20 (full 0):
 garbage-first heap   total 102400K, used 37443K [0x0000000700e00000, 0x0000000800000000)
  region size 2048K, 3 young (6144K), 3 survivors (6144K)
 Metaspace       used 70372K, committed 70976K, reserved 1114112K
  class space    used 10213K, committed 10496K, reserved 1048576K
}
Event: 6.275 GC heap before
{Heap before GC invocations=20 (full 0):
 garbage-first heap   total 102400K, used 78403K [0x0000000700e00000, 0x0000000800000000)
  region size 2048K, 24 young (49152K), 3 survivors (6144K)
 Metaspace       used 70468K, committed 71040K, reserved 1114112K
  class space    used 10226K, committed 10496K, reserved 1048576K
}
Event: 6.282 GC heap after
{Heap after GC invocations=21 (full 0):
 garbage-first heap   total 102400K, used 48139K [0x0000000700e00000, 0x0000000800000000)
  region size 2048K, 3 young (6144K), 3 survivors (6144K)
 Metaspace       used 70468K, committed 71040K, reserved 1114112K
  class space    used 10226K, committed 10496K, reserved 1048576K
}
Event: 6.343 GC heap before
{Heap before GC invocations=21 (full 0):
 garbage-first heap   total 102400K, used 74763K [0x0000000700e00000, 0x0000000800000000)
  region size 2048K, 17 young (34816K), 3 survivors (6144K)
 Metaspace       used 70468K, committed 71040K, reserved 1114112K
  class space    used 10226K, committed 10496K, reserved 1048576K
}
Event: 6.348 GC heap after
{Heap after GC invocations=22 (full 0):
 garbage-first heap   total 102400K, used 55570K [0x0000000700e00000, 0x0000000800000000)
  region size 2048K, 3 young (6144K), 3 survivors (6144K)
 Metaspace       used 70468K, committed 71040K, reserved 1114112K
  class space    used 10226K, committed 10496K, reserved 1048576K
}
Event: 6.397 GC heap before
{Heap before GC invocations=22 (full 0):
 garbage-first heap   total 102400K, used 74002K [0x0000000700e00000, 0x0000000800000000)
  region size 2048K, 13 young (26624K), 3 survivors (6144K)
 Metaspace       used 70468K, committed 71040K, reserved 1114112K
  class space    used 10226K, committed 10496K, reserved 1048576K
}
Event: 6.402 GC heap after
{Heap after GC invocations=23 (full 0):
 garbage-first heap   total 102400K, used 61255K [0x0000000700e00000, 0x0000000800000000)
  region size 2048K, 2 young (4096K), 2 survivors (4096K)
 Metaspace       used 70468K, committed 71040K, reserved 1114112K
  class space    used 10226K, committed 10496K, reserved 1048576K
}
Event: 6.458 GC heap before
{Heap before GC invocations=24 (full 0):
 garbage-first heap   total 120832K, used 77639K [0x0000000700e00000, 0x0000000800000000)
  region size 2048K, 11 young (22528K), 2 survivors (4096K)
 Metaspace       used 70448K, committed 71040K, reserved 1114112K
  class space    used 10223K, committed 10496K, reserved 1048576K
}
Event: 6.461 GC heap after
{Heap after GC invocations=25 (full 0):
 garbage-first heap   total 120832K, used 66239K [0x0000000700e00000, 0x0000000800000000)
  region size 2048K, 2 young (4096K), 2 survivors (4096K)
 Metaspace       used 70448K, committed 71040K, reserved 1114112K
  class space    used 10223K, committed 10496K, reserved 1048576K
}
Event: 6.464 GC heap before
{Heap before GC invocations=25 (full 0):
 garbage-first heap   total 120832K, used 66239K [0x0000000700e00000, 0x0000000800000000)
  region size 2048K, 3 young (6144K), 2 survivors (4096K)
 Metaspace       used 70448K, committed 71040K, reserved 1114112K
  class space    used 10223K, committed 10496K, reserved 1048576K
}

